INFO : org.springframework.boot.StartupInfoLogger ==> Starting DemoMvcApplication using Java 21.0.7 with PID 38496 (F:\Spring\work\demoMVC\bin\main started by LEGION in F:\Spring\work\demoMVC) : [2025-06-30 18:48:28.177]
INFO : org.springframework.boot.SpringApplication ==> No active profile set, falling back to 1 default profile: "default" : [2025-06-30 18:48:28.189]
INFO : org.springframework.boot.logging.DeferredLog ==> Devtools property defaults active! Set 'spring.devtools.add-properties' to 'false' to disable : [2025-06-30 18:48:28.243]
INFO : org.springframework.boot.logging.DeferredLog ==> For additional web related logging consider setting the 'logging.level.web' property to 'DEBUG' : [2025-06-30 18:48:28.243]
INFO : org.springframework.boot.web.embedded.tomcat.TomcatWebServer ==> Tomcat initialized with port 8181 (http) : [2025-06-30 18:48:29.271]
INFO : org.apache.juli.logging.DirectJDKLog ==> Initializing ProtocolHandler ["http-nio-8181"] : [2025-06-30 18:48:29.289]
INFO : org.apache.juli.logging.DirectJDKLog ==> Starting service [Tomcat] : [2025-06-30 18:48:29.292]
INFO : org.apache.juli.logging.DirectJDKLog ==> Starting Servlet engine: [Apache Tomcat/10.1.42] : [2025-06-30 18:48:29.293]
INFO : org.apache.juli.logging.DirectJDKLog ==> Initializing Spring embedded WebApplicationContext : [2025-06-30 18:48:29.352]
INFO : org.springframework.boot.web.servlet.context.ServletWebServerApplicationContext ==> Root WebApplicationContext: initialization completed in 1108 ms : [2025-06-30 18:48:29.352]
INFO : org.springframework.boot.devtools.autoconfigure.OptionalLiveReloadServer ==> LiveReload server is running on port 35729 : [2025-06-30 18:48:29.816]
INFO : org.apache.juli.logging.DirectJDKLog ==> Starting ProtocolHandler ["http-nio-8181"] : [2025-06-30 18:48:29.835]
INFO : org.springframework.boot.web.embedded.tomcat.TomcatWebServer ==> Tomcat started on port 8181 (http) with context path '/demoMVC' : [2025-06-30 18:48:29.863]
INFO : org.springframework.boot.StartupInfoLogger ==> Started DemoMvcApplication in 2.119 seconds (process running for 4.07) : [2025-06-30 18:48:29.874]
INFO : org.apache.juli.logging.DirectJDKLog ==> Initializing Spring DispatcherServlet 'dispatcherServlet' : [2025-06-30 18:50:52.707]
INFO : org.springframework.web.servlet.FrameworkServlet ==> Initializing Servlet 'dispatcherServlet' : [2025-06-30 18:50:52.708]
INFO : org.springframework.web.servlet.FrameworkServlet ==> Completed initialization in 1 ms : [2025-06-30 18:50:52.709]
INFO : com.javateam.demoMVC.controller.DemoMVCController ==> demo log : [2025-06-30 18:50:52.750]
INFO : com.javateam.demoMVC.controller.DemoMVCController ==> demo log : [2025-06-30 18:51:09.083]
INFO : org.springframework.boot.devtools.autoconfigure.LocalDevToolsAutoConfiguration$RestartingClassPathChangeChangedEventListener ==> Restarting due to 1 class path change (1 addition, 0 deletions, 0 modifications) : [2025-06-30 18:52:10.525]
INFO : org.apache.juli.logging.DirectJDKLog ==> Stopping ProtocolHandler ["http-nio-8181"] : [2025-06-30 18:52:10.529]
INFO : org.springframework.boot.StartupInfoLogger ==> Starting DemoMvcApplication using Java 21.0.7 with PID 38496 (F:\Spring\work\demoMVC\bin\main started by LEGION in F:\Spring\work\demoMVC) : [2025-06-30 18:52:10.615]
INFO : org.springframework.boot.SpringApplication ==> No active profile set, falling back to 1 default profile: "default" : [2025-06-30 18:52:10.616]
INFO : org.springframework.boot.web.embedded.tomcat.TomcatWebServer ==> Tomcat initialized with port 8181 (http) : [2025-06-30 18:52:10.735]
INFO : org.apache.juli.logging.DirectJDKLog ==> Initializing ProtocolHandler ["http-nio-8181"] : [2025-06-30 18:52:10.736]
INFO : org.apache.juli.logging.DirectJDKLog ==> Starting service [Tomcat] : [2025-06-30 18:52:10.737]
INFO : org.apache.juli.logging.DirectJDKLog ==> Starting Servlet engine: [Apache Tomcat/10.1.42] : [2025-06-30 18:52:10.737]
INFO : org.apache.juli.logging.DirectJDKLog ==> Initializing Spring embedded WebApplicationContext : [2025-06-30 18:52:10.749]
INFO : org.springframework.boot.web.servlet.context.ServletWebServerApplicationContext ==> Root WebApplicationContext: initialization completed in 131 ms : [2025-06-30 18:52:10.750]
INFO : org.springframework.boot.devtools.autoconfigure.OptionalLiveReloadServer ==> LiveReload server is running on port 35729 : [2025-06-30 18:52:10.804]
INFO : org.apache.juli.logging.DirectJDKLog ==> Starting ProtocolHandler ["http-nio-8181"] : [2025-06-30 18:52:10.811]
INFO : org.springframework.boot.web.embedded.tomcat.TomcatWebServer ==> Tomcat started on port 8181 (http) with context path '/demoMVC' : [2025-06-30 18:52:10.814]
INFO : org.springframework.boot.StartupInfoLogger ==> Started DemoMvcApplication in 0.223 seconds (process running for 225.012) : [2025-06-30 18:52:10.817]
INFO : org.springframework.boot.devtools.autoconfigure.ConditionEvaluationDeltaLoggingListener ==> Condition evaluation unchanged : [2025-06-30 18:52:10.818]
INFO : org.springframework.boot.devtools.autoconfigure.LocalDevToolsAutoConfiguration$RestartingClassPathChangeChangedEventListener ==> Restarting due to 1 class path change (0 additions, 0 deletions, 1 modification) : [2025-06-30 18:52:46.928]
INFO : org.apache.juli.logging.DirectJDKLog ==> Stopping ProtocolHandler ["http-nio-8181"] : [2025-06-30 18:52:46.928]
